-------------------------------------------------------------------------------
Test set: com.ouag.sample.beanslifecycle.BeansLifecycleApplicationTests
-------------------------------------------------------------------------------
Tests run: 1, Failures: 0, Errors: 1, Skipped: 0, Time elapsed: 31.272 s <<< FAILURE! - in com.ouag.sample.beanslifecycle.BeansLifecycleApplicationTests
contextLoads(com.ouag.sample.beanslifecycle.BeansLifecycleApplicationTests)  Time elapsed: 0.011 s  <<< ERROR!
java.lang.IllegalStateException: Failed to load ApplicationContext
Caused by: org.springframework.beans.factory.UnsatisfiedDependencyException: Error creating bean with name 'sampleRunner': Unsatisfied dependency expressed through field 'strategyBean'; nested exception is org.springframework.beans.factory.BeanCreationException: Error creating bean with name 'getStrategyBean' defined in class path resource [com/ouag/sample/beanslifecycle/config/SampleConfig.class]: Bean instantiation via factory method failed; nested exception is org.springframework.beans.BeanInstantiationException: Failed to instantiate [com.ouag.sample.beanslifecycle.config.StrategyBean]: Factory method 'getStrategyBean' threw exception; nested exception is java.lang.IllegalStateException: TypeExcludeFilter class org.springframework.boot.test.context.filter.TestTypeExcludeFilter has not implemented hashCode
Caused by: org.springframework.beans.factory.BeanCreationException: Error creating bean with name 'getStrategyBean' defined in class path resource [com/ouag/sample/beanslifecycle/config/SampleConfig.class]: Bean instantiation via factory method failed; nested exception is org.springframework.beans.BeanInstantiationException: Failed to instantiate [com.ouag.sample.beanslifecycle.config.StrategyBean]: Factory method 'getStrategyBean' threw exception; nested exception is java.lang.IllegalStateException: TypeExcludeFilter class org.springframework.boot.test.context.filter.TestTypeExcludeFilter has not implemented hashCode
Caused by: org.springframework.beans.BeanInstantiationException: Failed to instantiate [com.ouag.sample.beanslifecycle.config.StrategyBean]: Factory method 'getStrategyBean' threw exception; nested exception is java.lang.IllegalStateException: TypeExcludeFilter class org.springframework.boot.test.context.filter.TestTypeExcludeFilter has not implemented hashCode
Caused by: java.lang.IllegalStateException: TypeExcludeFilter class org.springframework.boot.test.context.filter.TestTypeExcludeFilter has not implemented hashCode

